2024-10-20 20:17:03 [main] INFO  c.p.u.Account.<init>(Account.java:59)
accountAddress: d5d627aa6cdac7a448db3ce25f4812b6fc55c237
2024-10-20 20:17:03 [main] INFO  c.p.c.CitaChainClient.<init>(CitaChainClient.java:43)
Initialize CitaChainClient Successfully!!!
2024-10-20 20:17:03 [main] INFO  C.TestCitaChainAdapter.TestInitClient(TestCitaChainAdapter.java:28)
CitaChainClient{adminAddress='0xd5d627aa6cdac7a448db3ce25f4812b6fc55c237', adminPrivateKey='0x9c44d0ec9fe3b3da1f509148ac863f8f1d3c02a7533596956da7344b74d83e5b', service=com.citahub.cita.protocol.core.JsonRpc2_0CITAj@264f218, adminAccount=com.pojo.util.Account@3576ddc2, evidenceContractAddress='0x13f665c6d7bc02ab021dae2deebdafe7b91b9680', evidenceContractPath='src/main/java/com/solidity/contract/Evidence.sol', chainId=1, version=2, ipAddr='http:49.52.27.69:1337', defaultQuotaDeployment='10000000', txProcessor=com.citahub.cita.tx.response.PollingTransactionReceiptProcessor@35b74c5c}
2024-10-20 20:17:03 [main] ERROR c.p.a.i.CitaChainAdapter.getEvidence(CitaChainAdapter.java:36)
argument type mismatch
2024-10-20 20:17:20 [main] INFO  c.p.u.Account.<init>(Account.java:59)
accountAddress: d5d627aa6cdac7a448db3ce25f4812b6fc55c237
2024-10-20 20:17:20 [main] INFO  c.p.c.CitaChainClient.<init>(CitaChainClient.java:43)
Initialize CitaChainClient Successfully!!!
2024-10-20 20:17:20 [main] INFO  C.TestCitaChainAdapter.TestInitClient(TestCitaChainAdapter.java:28)
CitaChainClient{adminAddress='0xd5d627aa6cdac7a448db3ce25f4812b6fc55c237', adminPrivateKey='0x9c44d0ec9fe3b3da1f509148ac863f8f1d3c02a7533596956da7344b74d83e5b', service=com.citahub.cita.protocol.core.JsonRpc2_0CITAj@264f218, adminAccount=com.pojo.util.Account@3576ddc2, evidenceContractAddress='0x13f665c6d7bc02ab021dae2deebdafe7b91b9680', evidenceContractPath='src/main/java/com/solidity/contract/Evidence.sol', chainId=1, version=2, ipAddr='http:49.52.27.69:1337', defaultQuotaDeployment='10000000', txProcessor=com.citahub.cita.tx.response.PollingTransactionReceiptProcessor@35b74c5c}
2024-10-20 20:17:20 [main] INFO  C.TestCitaChainAdapter.TestCallCreateEvidence(TestCitaChainAdapter.java:40)
createEvidence: Evidence{uuId='3d5f202c-12ed-46ed-bd49-ff55ac', businessType='UBN9TYwo7r', businessId='2RT1UZIj', businessTime='2017-12-15', businessData='433EZ155SutVNhwGOxZP'}
2024-10-20 20:17:21 [main] INFO  c.p.a.i.CitaChainAdapter.createEvidence(CitaChainAdapter.java:51)
交易信息哈希:0xf850db8f3530d883f97acb6c65fd6529e41384f798ee40fbd40442c75606ec64
2024-10-20 20:17:21 [main] INFO  C.TestCitaChainAdapter.TestCallCreateEvidence(TestCitaChainAdapter.java:43)
createEvidence successfully
2024-10-20 20:17:21 [main] INFO  C.TestCitaChainAdapter.TestCallCreateEvidence(TestCitaChainAdapter.java:40)
createEvidence: Evidence{uuId='5b4e8cc6-152a-4fa1-80e9-060db4', businessType='yjsV1VnLQP', businessId='SbZ7aoI6', businessTime='2023-01-15', businessData='vHAphuVnJxLIhFWRLWXV'}
2024-10-20 20:17:21 [main] INFO  c.p.a.i.CitaChainAdapter.createEvidence(CitaChainAdapter.java:51)
交易信息哈希:0x8e9304058dbd4743f6a733c3fe1ec7e0ac4c88c28f88ef26f7495f9377a7890f
2024-10-20 20:17:21 [main] INFO  C.TestCitaChainAdapter.TestCallCreateEvidence(TestCitaChainAdapter.java:43)
createEvidence successfully
2024-10-20 20:17:21 [main] INFO  C.TestCitaChainAdapter.TestCallCreateEvidence(TestCitaChainAdapter.java:40)
createEvidence: Evidence{uuId='ea75c4f0-9e2c-4422-b8bb-d29010', businessType='lIVSloZp4V', businessId='6zR6LUO5', businessTime='2000-06-02', businessData='fwsRvko3W5wUDgbXGTjB'}
2024-10-20 20:17:21 [main] INFO  c.p.a.i.CitaChainAdapter.createEvidence(CitaChainAdapter.java:51)
交易信息哈希:0x065f639695d9aa6525541706337d30d4cae6bb86e66650efbe7aa87799252a49
2024-10-20 20:17:21 [main] INFO  C.TestCitaChainAdapter.TestCallCreateEvidence(TestCitaChainAdapter.java:43)
createEvidence successfully
2024-10-20 20:17:21 [main] INFO  C.TestCitaChainAdapter.TestCallCreateEvidence(TestCitaChainAdapter.java:40)
createEvidence: Evidence{uuId='64da07a1-8463-4633-b467-92c752', businessType='n4syJabNGf', businessId='y7IkGvke', businessTime='2021-10-16', businessData='qEGTkaK7gLuMEedhIonw'}
2024-10-20 20:17:21 [main] INFO  c.p.a.i.CitaChainAdapter.createEvidence(CitaChainAdapter.java:51)
交易信息哈希:0xe53db1a227a2649aa17bcbf234c0ea65910edce852b05bb38b35a03c519e06f1
2024-10-20 20:17:21 [main] INFO  C.TestCitaChainAdapter.TestCallCreateEvidence(TestCitaChainAdapter.java:43)
createEvidence successfully
2024-10-20 20:17:21 [main] INFO  C.TestCitaChainAdapter.TestCallCreateEvidence(TestCitaChainAdapter.java:40)
createEvidence: Evidence{uuId='cd830396-61ca-4b6c-8fe7-0d2f71', businessType='WcPMxw40t3', businessId='56nD0vhj', businessTime='2007-04-15', businessData='S6qvKHEroyTfjQ2qGMXT'}
2024-10-20 20:17:21 [main] INFO  c.p.a.i.CitaChainAdapter.createEvidence(CitaChainAdapter.java:51)
交易信息哈希:0xce8e989c0348d07e02b2d3d823931caf1f55a408d795791a16df8e8c10e3172c
2024-10-20 20:17:21 [main] INFO  C.TestCitaChainAdapter.TestCallCreateEvidence(TestCitaChainAdapter.java:43)
createEvidence successfully
2024-10-20 20:17:21 [main] INFO  C.TestCitaChainAdapter.TestCallCreateEvidence(TestCitaChainAdapter.java:40)
createEvidence: Evidence{uuId='1f988d35-8ae0-4ab7-b17b-87a8e0', businessType='Pkh3tP3QIj', businessId='eKsbKVOI', businessTime='2012-05-20', businessData='yq1W737rNOOxWSiCNkP7'}
2024-10-20 20:17:21 [main] INFO  c.p.a.i.CitaChainAdapter.createEvidence(CitaChainAdapter.java:51)
交易信息哈希:0x8ae180352d16dded14b8b9b00138b84c4a8f6d2a9aa64aa71aaa6dae04fec281
2024-10-20 20:17:21 [main] INFO  C.TestCitaChainAdapter.TestCallCreateEvidence(TestCitaChainAdapter.java:43)
createEvidence successfully
2024-10-20 20:17:21 [main] INFO  C.TestCitaChainAdapter.TestCallCreateEvidence(TestCitaChainAdapter.java:40)
createEvidence: Evidence{uuId='03435991-c824-4d16-a4ab-9a69b5', businessType='CH9d67E2VH', businessId='hNhn1VYz', businessTime='2011-01-12', businessData='3Mu1FpqdnVk674JMv8Xl'}
2024-10-20 20:17:21 [main] INFO  c.p.a.i.CitaChainAdapter.createEvidence(CitaChainAdapter.java:51)
交易信息哈希:0xa88e9f4a0e5ece3a428bac99b31c6211eace9ecad5f5c054c0ea29298d6f34be
2024-10-20 20:17:21 [main] INFO  C.TestCitaChainAdapter.TestCallCreateEvidence(TestCitaChainAdapter.java:43)
createEvidence successfully
2024-10-20 20:17:21 [main] INFO  C.TestCitaChainAdapter.TestCallCreateEvidence(TestCitaChainAdapter.java:40)
createEvidence: Evidence{uuId='d7d64c9b-5cae-40ee-9a4d-2a54cc', businessType='zEcGe7Dl90', businessId='SaoLtyGw', businessTime='2014-06-03', businessData='CF5zRA16Nby4ZwCJd1KO'}
2024-10-20 20:17:21 [main] INFO  c.p.a.i.CitaChainAdapter.createEvidence(CitaChainAdapter.java:51)
交易信息哈希:0x4b3c13425b5e1dbdfc0bd93a200ba3cdaa034d2cb4652d870feb41444a35a492
2024-10-20 20:17:21 [main] INFO  C.TestCitaChainAdapter.TestCallCreateEvidence(TestCitaChainAdapter.java:43)
createEvidence successfully
2024-10-20 20:17:21 [main] INFO  C.TestCitaChainAdapter.TestCallCreateEvidence(TestCitaChainAdapter.java:40)
createEvidence: Evidence{uuId='6c3dc85a-e6a3-45d0-81e4-882404', businessType='Il1CvO6dkU', businessId='6NdPLGYK', businessTime='2020-04-26', businessData='ZxEoHXV7bnAT42ERoBo4'}
2024-10-20 20:17:21 [main] INFO  c.p.a.i.CitaChainAdapter.createEvidence(CitaChainAdapter.java:51)
交易信息哈希:0xafbb1cab1a1a6692740e583ba98bcb3009fbe9497d18c60770805219c3d4c97e
2024-10-20 20:17:21 [main] INFO  C.TestCitaChainAdapter.TestCallCreateEvidence(TestCitaChainAdapter.java:43)
createEvidence successfully
2024-10-20 20:17:21 [main] INFO  C.TestCitaChainAdapter.TestCallCreateEvidence(TestCitaChainAdapter.java:40)
createEvidence: Evidence{uuId='1cdd3a16-82a9-462a-b6c0-3d126c', businessType='odWw1qNX9w', businessId='YOALSeEz', businessTime='2002-12-19', businessData='cWdxAYJJ0Pt0XA950sh1'}
2024-10-20 20:17:22 [main] INFO  c.p.a.i.CitaChainAdapter.createEvidence(CitaChainAdapter.java:51)
交易信息哈希:0x86184886e2e52f14103a60dcac24d590a64841d41298460446ce04e42a93cf69
2024-10-20 20:17:22 [main] INFO  C.TestCitaChainAdapter.TestCallCreateEvidence(TestCitaChainAdapter.java:43)
createEvidence successfully
2024-10-20 20:19:08 [main] INFO  c.p.u.Account.<init>(Account.java:59)
accountAddress: d5d627aa6cdac7a448db3ce25f4812b6fc55c237
2024-10-20 20:19:08 [main] INFO  c.p.c.CitaChainClient.<init>(CitaChainClient.java:43)
Initialize CitaChainClient Successfully!!!
2024-10-20 20:19:08 [main] INFO  C.TestCitaChainAdapter.TestInitClient(TestCitaChainAdapter.java:28)
CitaChainClient{adminAddress='0xd5d627aa6cdac7a448db3ce25f4812b6fc55c237', adminPrivateKey='0x9c44d0ec9fe3b3da1f509148ac863f8f1d3c02a7533596956da7344b74d83e5b', service=com.citahub.cita.protocol.core.JsonRpc2_0CITAj@264f218, adminAccount=com.pojo.util.Account@3576ddc2, evidenceContractAddress='0x13f665c6d7bc02ab021dae2deebdafe7b91b9680', evidenceContractPath='src/main/java/com/solidity/contract/Evidence.sol', chainId=1, version=2, ipAddr='http:49.52.27.69:1337', defaultQuotaDeployment='10000000', txProcessor=com.citahub.cita.tx.response.PollingTransactionReceiptProcessor@35b74c5c}
2024-10-20 20:19:08 [main] INFO  C.TestCitaChainAdapter.TestCallCreateEvidence(TestCitaChainAdapter.java:40)
createEvidence: Evidence{uuId='399c5e2a-8357-4d10-a8c5-dbb263', businessType='9sH4P9psNF', businessId='TgLLSfiM', businessTime='2023-03-28', businessData='KmQOxoNcMTmT0dm4p5jM'}
2024-10-20 20:19:08 [main] INFO  c.p.a.i.CitaChainAdapter.createEvidence(CitaChainAdapter.java:51)
交易信息哈希:0xb5b01d7adb5bd146a419cc726c1f27643df40b45cbe892e2d6dd48cc69145aba
2024-10-20 20:19:08 [main] INFO  C.TestCitaChainAdapter.TestCallCreateEvidence(TestCitaChainAdapter.java:43)
createEvidence successfully
2024-10-20 20:19:08 [main] INFO  C.TestCitaChainAdapter.TestCallCreateEvidence(TestCitaChainAdapter.java:40)
createEvidence: Evidence{uuId='835ec817-86cf-44bc-9d9c-b5d4a0', businessType='fBzn8qCbfT', businessId='krKDFpKk', businessTime='2008-08-25', businessData='cW3PQmwtXYhRyOJVXHHX'}
2024-10-20 20:19:08 [main] INFO  c.p.a.i.CitaChainAdapter.createEvidence(CitaChainAdapter.java:51)
交易信息哈希:0xf4258ad11a7c52dc943d638fde54dd9e3574e1101a6eea076ea490b3ac67b8c7
2024-10-20 20:19:08 [main] INFO  C.TestCitaChainAdapter.TestCallCreateEvidence(TestCitaChainAdapter.java:43)
createEvidence successfully
2024-10-20 20:19:08 [main] INFO  C.TestCitaChainAdapter.TestCallCreateEvidence(TestCitaChainAdapter.java:40)
createEvidence: Evidence{uuId='aaf06420-0c28-462b-bbd6-c20abe', businessType='V1i1Ag2hTf', businessId='Bl1AmQUV', businessTime='2019-11-22', businessData='Clkg8CXqxKIlqpseyV7b'}
2024-10-20 20:19:08 [main] INFO  c.p.a.i.CitaChainAdapter.createEvidence(CitaChainAdapter.java:51)
交易信息哈希:0x3afeb7cb94026e64ba62f3da730985f56224c41eb5efb50fe8ccf5d56c8df065
2024-10-20 20:19:08 [main] INFO  C.TestCitaChainAdapter.TestCallCreateEvidence(TestCitaChainAdapter.java:43)
createEvidence successfully
2024-10-20 20:19:08 [main] INFO  C.TestCitaChainAdapter.TestCallCreateEvidence(TestCitaChainAdapter.java:40)
createEvidence: Evidence{uuId='e97577a3-1ed6-47e4-aef9-d7ea6a', businessType='WGKBQhrVR8', businessId='hedDJGhR', businessTime='2000-12-11', businessData='ygGZii852c84aSoidYik'}
2024-10-20 20:19:08 [main] INFO  c.p.a.i.CitaChainAdapter.createEvidence(CitaChainAdapter.java:51)
交易信息哈希:0xd72a2ee37208cc0ea263acbc23dd193f84d62af132971a5048cb6a45313a4ad5
2024-10-20 20:19:08 [main] INFO  C.TestCitaChainAdapter.TestCallCreateEvidence(TestCitaChainAdapter.java:43)
createEvidence successfully
2024-10-20 20:19:08 [main] INFO  C.TestCitaChainAdapter.TestCallCreateEvidence(TestCitaChainAdapter.java:40)
createEvidence: Evidence{uuId='5522c18d-80ac-44df-9812-5b931f', businessType='fqUjXpLdUS', businessId='GgL9Rimz', businessTime='2011-03-14', businessData='8vt5069jECBOSgP3EiDy'}
2024-10-20 20:19:09 [main] INFO  c.p.a.i.CitaChainAdapter.createEvidence(CitaChainAdapter.java:51)
交易信息哈希:0x207cb9976d65ef9891d39c4c8693b733497ad141d6321bfa50859dce0b503e3d
2024-10-20 20:19:09 [main] INFO  C.TestCitaChainAdapter.TestCallCreateEvidence(TestCitaChainAdapter.java:43)
createEvidence successfully
2024-10-20 20:19:09 [main] INFO  C.TestCitaChainAdapter.TestCallCreateEvidence(TestCitaChainAdapter.java:40)
createEvidence: Evidence{uuId='6307b1c9-f245-405b-b985-92719c', businessType='fKanPyD9Hk', businessId='Mb2WrtKB', businessTime='2009-09-19', businessData='X7IFDcph0wtVMgBFdNqm'}
2024-10-20 20:19:09 [main] INFO  c.p.a.i.CitaChainAdapter.createEvidence(CitaChainAdapter.java:51)
交易信息哈希:0x3dce60da05215d5f16d12ab63f2fe8585946e0572d5f69756690a08b01fd0321
2024-10-20 20:19:09 [main] INFO  C.TestCitaChainAdapter.TestCallCreateEvidence(TestCitaChainAdapter.java:43)
createEvidence successfully
2024-10-20 20:19:09 [main] INFO  C.TestCitaChainAdapter.TestCallCreateEvidence(TestCitaChainAdapter.java:40)
createEvidence: Evidence{uuId='a76d04bc-d1d8-4b8d-bf0a-c01ebe', businessType='XF5FH5rckw', businessId='qniJa17W', businessTime='2002-10-25', businessData='YIyLO2i1zKIIUAQ6xnqp'}
2024-10-20 20:19:09 [main] INFO  c.p.a.i.CitaChainAdapter.createEvidence(CitaChainAdapter.java:51)
交易信息哈希:0x82b8e28a52fbd27425b5b1db7b10ea97c63266a3fc8c3210a79b8fd09840edde
2024-10-20 20:19:09 [main] INFO  C.TestCitaChainAdapter.TestCallCreateEvidence(TestCitaChainAdapter.java:43)
createEvidence successfully
2024-10-20 20:19:09 [main] INFO  C.TestCitaChainAdapter.TestCallCreateEvidence(TestCitaChainAdapter.java:40)
createEvidence: Evidence{uuId='d789ad55-48d5-4082-ac9d-3fce24', businessType='YW2KuyslaP', businessId='MuQYGnIR', businessTime='2013-11-16', businessData='GtYysfnKhVJTjbAWcqqZ'}
2024-10-20 20:19:09 [main] INFO  c.p.a.i.CitaChainAdapter.createEvidence(CitaChainAdapter.java:51)
交易信息哈希:0xa75be5fb4bcd6ffa29b967f4128270f5c51a408e43a290241bcff9c6efe6615c
2024-10-20 20:19:09 [main] INFO  C.TestCitaChainAdapter.TestCallCreateEvidence(TestCitaChainAdapter.java:43)
createEvidence successfully
2024-10-20 20:19:09 [main] INFO  C.TestCitaChainAdapter.TestCallCreateEvidence(TestCitaChainAdapter.java:40)
createEvidence: Evidence{uuId='43d7edc3-2af9-4bb5-b521-dc6324', businessType='huvipQaMzN', businessId='4qdVCDBX', businessTime='2021-11-24', businessData='AhrANXsBXt52Q9kmxW6M'}
2024-10-20 20:19:09 [main] INFO  c.p.a.i.CitaChainAdapter.createEvidence(CitaChainAdapter.java:51)
交易信息哈希:0x5e6d65fb67905f2f130fccc00794c8f2c4b7078ebd619210782365e1a61a2627
2024-10-20 20:19:09 [main] INFO  C.TestCitaChainAdapter.TestCallCreateEvidence(TestCitaChainAdapter.java:43)
createEvidence successfully
2024-10-20 20:19:09 [main] INFO  C.TestCitaChainAdapter.TestCallCreateEvidence(TestCitaChainAdapter.java:40)
createEvidence: Evidence{uuId='913c842b-5db9-4482-9681-83e085', businessType='W8C91QPeE7', businessId='xynI64Wf', businessTime='2005-09-06', businessData='8LOnjX400b2NQbGCmwfp'}
2024-10-20 20:19:09 [main] INFO  c.p.a.i.CitaChainAdapter.createEvidence(CitaChainAdapter.java:51)
交易信息哈希:0xde698559f1d3dfa984695eb884d7f77a2e72b123b6f925db7307b22f22e43e52
2024-10-20 20:19:09 [main] INFO  C.TestCitaChainAdapter.TestCallCreateEvidence(TestCitaChainAdapter.java:43)
createEvidence successfully
2024-10-20 20:19:18 [main] INFO  c.p.u.Account.<init>(Account.java:59)
accountAddress: d5d627aa6cdac7a448db3ce25f4812b6fc55c237
2024-10-20 20:19:18 [main] INFO  c.p.c.CitaChainClient.<init>(CitaChainClient.java:43)
Initialize CitaChainClient Successfully!!!
2024-10-20 20:19:18 [main] INFO  C.TestCitaChainAdapter.TestInitClient(TestCitaChainAdapter.java:28)
CitaChainClient{adminAddress='0xd5d627aa6cdac7a448db3ce25f4812b6fc55c237', adminPrivateKey='0x9c44d0ec9fe3b3da1f509148ac863f8f1d3c02a7533596956da7344b74d83e5b', service=com.citahub.cita.protocol.core.JsonRpc2_0CITAj@264f218, adminAccount=com.pojo.util.Account@3576ddc2, evidenceContractAddress='0x13f665c6d7bc02ab021dae2deebdafe7b91b9680', evidenceContractPath='src/main/java/com/solidity/contract/Evidence.sol', chainId=1, version=2, ipAddr='http:49.52.27.69:1337', defaultQuotaDeployment='10000000', txProcessor=com.citahub.cita.tx.response.PollingTransactionReceiptProcessor@35b74c5c}
2024-10-20 20:19:18 [main] INFO  c.p.a.i.CitaChainAdapter.getEvidence(CitaChainAdapter.java:33)
class java.util.ArrayList
2024-10-20 20:20:23 [main] INFO  c.p.u.Account.<init>(Account.java:59)
accountAddress: d5d627aa6cdac7a448db3ce25f4812b6fc55c237
2024-10-20 20:20:23 [main] INFO  c.p.c.CitaChainClient.<init>(CitaChainClient.java:43)
Initialize CitaChainClient Successfully!!!
2024-10-20 20:20:23 [main] INFO  C.TestCitaChainAdapter.TestInitClient(TestCitaChainAdapter.java:28)
CitaChainClient{adminAddress='0xd5d627aa6cdac7a448db3ce25f4812b6fc55c237', adminPrivateKey='0x9c44d0ec9fe3b3da1f509148ac863f8f1d3c02a7533596956da7344b74d83e5b', service=com.citahub.cita.protocol.core.JsonRpc2_0CITAj@264f218, adminAccount=com.pojo.util.Account@3576ddc2, evidenceContractAddress='0x13f665c6d7bc02ab021dae2deebdafe7b91b9680', evidenceContractPath='src/main/java/com/solidity/contract/Evidence.sol', chainId=1, version=2, ipAddr='http:49.52.27.69:1337', defaultQuotaDeployment='10000000', txProcessor=com.citahub.cita.tx.response.PollingTransactionReceiptProcessor@35b74c5c}
2024-10-20 20:20:23 [main] INFO  c.p.a.i.CitaChainAdapter.getEvidence(CitaChainAdapter.java:33)
class java.util.ArrayList
2024-10-20 20:24:58 [main] INFO  c.p.u.Account.<init>(Account.java:59)
accountAddress: d5d627aa6cdac7a448db3ce25f4812b6fc55c237
2024-10-20 20:24:58 [main] INFO  c.p.c.CitaChainClient.<init>(CitaChainClient.java:43)
Initialize CitaChainClient Successfully!!!
2024-10-20 20:24:58 [main] INFO  C.TestCitaChainAdapter.TestInitClient(TestCitaChainAdapter.java:28)
CitaChainClient{adminAddress='0xd5d627aa6cdac7a448db3ce25f4812b6fc55c237', adminPrivateKey='0x9c44d0ec9fe3b3da1f509148ac863f8f1d3c02a7533596956da7344b74d83e5b', service=com.citahub.cita.protocol.core.JsonRpc2_0CITAj@264f218, adminAccount=com.pojo.util.Account@3576ddc2, evidenceContractAddress='0x13f665c6d7bc02ab021dae2deebdafe7b91b9680', evidenceContractPath='src/main/java/com/solidity/contract/Evidence.sol', chainId=1, version=2, ipAddr='http:49.52.27.69:1337', defaultQuotaDeployment='10000000', txProcessor=com.citahub.cita.tx.response.PollingTransactionReceiptProcessor@35b74c5c}
2024-10-20 20:24:58 [main] INFO  c.p.a.i.CitaChainAdapter.getEvidence(CitaChainAdapter.java:33)
class java.util.ArrayList
2024-10-20 20:32:04 [main] INFO  c.p.u.Account.<init>(Account.java:59)
accountAddress: d5d627aa6cdac7a448db3ce25f4812b6fc55c237
2024-10-20 20:32:05 [main] INFO  c.p.c.CitaChainClient.<init>(CitaChainClient.java:43)
Initialize CitaChainClient Successfully!!!
2024-10-20 20:32:05 [main] INFO  C.TestCitaChainAdapter.TestInitClient(TestCitaChainAdapter.java:28)
CitaChainClient{adminAddress='0xd5d627aa6cdac7a448db3ce25f4812b6fc55c237', adminPrivateKey='0x9c44d0ec9fe3b3da1f509148ac863f8f1d3c02a7533596956da7344b74d83e5b', service=com.citahub.cita.protocol.core.JsonRpc2_0CITAj@264f218, adminAccount=com.pojo.util.Account@3576ddc2, evidenceContractAddress='0x13f665c6d7bc02ab021dae2deebdafe7b91b9680', evidenceContractPath='src/main/java/com/solidity/contract/Evidence.sol', chainId=1, version=2, ipAddr='http:49.52.27.69:1337', defaultQuotaDeployment='10000000', txProcessor=com.citahub.cita.tx.response.PollingTransactionReceiptProcessor@35b74c5c}
2024-10-20 20:32:05 [main] INFO  c.p.a.i.CitaChainAdapter.getEvidence(CitaChainAdapter.java:34)
class java.util.ArrayList
2024-10-20 20:32:05 [main] ERROR c.p.a.i.CitaChainAdapter.getEvidence(CitaChainAdapter.java:42)
java.lang.String cannot be cast to java.math.BigInteger
2024-10-20 20:56:13 [main] INFO  c.p.u.Account.<init>(Account.java:59)
accountAddress: d5d627aa6cdac7a448db3ce25f4812b6fc55c237
2024-10-20 20:56:13 [main] INFO  c.p.c.CitaChainClient.<init>(CitaChainClient.java:43)
Initialize CitaChainClient Successfully!!!
2024-10-20 20:56:13 [main] INFO  C.TestCitaChainAdapter.TestInitClient(TestCitaChainAdapter.java:28)
CitaChainClient{adminAddress='0xd5d627aa6cdac7a448db3ce25f4812b6fc55c237', adminPrivateKey='0x9c44d0ec9fe3b3da1f509148ac863f8f1d3c02a7533596956da7344b74d83e5b', service=com.citahub.cita.protocol.core.JsonRpc2_0CITAj@264f218, adminAccount=com.pojo.util.Account@3576ddc2, evidenceContractAddress='0x13f665c6d7bc02ab021dae2deebdafe7b91b9680', evidenceContractPath='src/main/java/com/solidity/contract/Evidence.sol', chainId=1, version=2, ipAddr='http:49.52.27.69:1337', defaultQuotaDeployment='10000000', txProcessor=com.citahub.cita.tx.response.PollingTransactionReceiptProcessor@35b74c5c}
2024-10-20 20:56:13 [main] INFO  c.p.a.i.CitaChainAdapter.getEvidence(CitaChainAdapter.java:34)
class java.util.ArrayList
2024-10-20 21:02:45 [main] INFO  c.p.u.Account.<init>(Account.java:59)
accountAddress: d5d627aa6cdac7a448db3ce25f4812b6fc55c237
2024-10-20 21:02:45 [main] INFO  c.p.c.CitaChainClient.<init>(CitaChainClient.java:43)
Initialize CitaChainClient Successfully!!!
2024-10-20 21:02:45 [main] INFO  C.TestCitaChainAdapter.TestInitClient(TestCitaChainAdapter.java:28)
CitaChainClient{adminAddress='0xd5d627aa6cdac7a448db3ce25f4812b6fc55c237', adminPrivateKey='0x9c44d0ec9fe3b3da1f509148ac863f8f1d3c02a7533596956da7344b74d83e5b', service=com.citahub.cita.protocol.core.JsonRpc2_0CITAj@264f218, adminAccount=com.pojo.util.Account@3576ddc2, evidenceContractAddress='0x13f665c6d7bc02ab021dae2deebdafe7b91b9680', evidenceContractPath='src/main/java/com/solidity/contract/Evidence.sol', chainId=1, version=2, ipAddr='http:49.52.27.69:1337', defaultQuotaDeployment='10000000', txProcessor=com.citahub.cita.tx.response.PollingTransactionReceiptProcessor@35b74c5c}
2024-10-20 21:02:45 [main] INFO  C.TestCitaChainAdapter.TestCallCreateEvidence(TestCitaChainAdapter.java:40)
createEvidence: Evidence{uuId='0cec2ae8-67ef-4619-a1bb-7c5ca0', businessType='zp0HoxN9BD', businessId='bD9tlAgx', businessTime='2009-06-04', businessData='5RBUENmY2xy5tEHoGSR2'}
2024-10-20 21:02:45 [main] INFO  c.p.a.i.CitaChainAdapter.createEvidence(CitaChainAdapter.java:58)
交易信息哈希:0xee8845b6d5357c119b59a6f14c4e5e47c17e1888a537af772533af68e03c43e1
2024-10-20 21:02:45 [main] INFO  C.TestCitaChainAdapter.TestCallCreateEvidence(TestCitaChainAdapter.java:43)
createEvidence successfully txHash: 0xee8845b6d5357c119b59a6f14c4e5e47c17e1888a537af772533af68e03c43e1
2024-10-20 21:02:45 [main] INFO  C.TestCitaChainAdapter.TestCallCreateEvidence(TestCitaChainAdapter.java:40)
createEvidence: Evidence{uuId='1c72bf1c-142b-4cba-aaa8-d69ff5', businessType='Q9xzAMIcZf', businessId='ecYK87Ko', businessTime='2016-11-06', businessData='KbCbCy8gGwCQM5kLiHFJ'}
2024-10-20 21:02:45 [main] INFO  c.p.a.i.CitaChainAdapter.createEvidence(CitaChainAdapter.java:58)
交易信息哈希:0x89c0d631f1af5ffae8b71d17e809b0a574e37b6d7ce59bff43c2d96da9f0e666
2024-10-20 21:02:45 [main] INFO  C.TestCitaChainAdapter.TestCallCreateEvidence(TestCitaChainAdapter.java:43)
createEvidence successfully txHash: 0x89c0d631f1af5ffae8b71d17e809b0a574e37b6d7ce59bff43c2d96da9f0e666
2024-10-20 21:02:45 [main] INFO  C.TestCitaChainAdapter.TestCallCreateEvidence(TestCitaChainAdapter.java:40)
createEvidence: Evidence{uuId='26c9e5a6-f178-44f0-87b0-f55be8', businessType='o27LyOQsT4', businessId='tDudP75V', businessTime='2023-04-27', businessData='rZXEq3UUXQPLC6mZd6Yk'}
2024-10-20 21:02:45 [main] INFO  c.p.a.i.CitaChainAdapter.createEvidence(CitaChainAdapter.java:58)
交易信息哈希:0x228b979e23ed1ab75f74ea265d6c61faf34cee5867ecab6523dec0abee256d2a
2024-10-20 21:02:45 [main] INFO  C.TestCitaChainAdapter.TestCallCreateEvidence(TestCitaChainAdapter.java:43)
createEvidence successfully txHash: 0x228b979e23ed1ab75f74ea265d6c61faf34cee5867ecab6523dec0abee256d2a
2024-10-20 21:02:45 [main] INFO  C.TestCitaChainAdapter.TestCallCreateEvidence(TestCitaChainAdapter.java:40)
createEvidence: Evidence{uuId='5b47b24c-34ee-4d4c-968c-8ff021', businessType='YZIHgfwBAc', businessId='tTRvQyeH', businessTime='2009-07-14', businessData='EHJAFgFzF6Lbr6K5TFUw'}
2024-10-20 21:02:46 [main] INFO  c.p.a.i.CitaChainAdapter.createEvidence(CitaChainAdapter.java:58)
交易信息哈希:0x230a8425907580283ad6b6059dcf4611866cb05767574d67fb520e5e13d01b89
2024-10-20 21:02:46 [main] INFO  C.TestCitaChainAdapter.TestCallCreateEvidence(TestCitaChainAdapter.java:43)
createEvidence successfully txHash: 0x230a8425907580283ad6b6059dcf4611866cb05767574d67fb520e5e13d01b89
2024-10-20 21:02:46 [main] INFO  C.TestCitaChainAdapter.TestCallCreateEvidence(TestCitaChainAdapter.java:40)
createEvidence: Evidence{uuId='122814e1-40ee-4225-8952-7fdf97', businessType='dfDei5mXha', businessId='2S0I6YvB', businessTime='2009-09-22', businessData='sYa62t885vCQ3buUnypB'}
2024-10-20 21:02:46 [main] INFO  c.p.a.i.CitaChainAdapter.createEvidence(CitaChainAdapter.java:58)
交易信息哈希:0x8dc818a536f45d3588a3ec5d8fef128d4c56d9fa443cc15e7c7799b8a457aff9
2024-10-20 21:02:46 [main] INFO  C.TestCitaChainAdapter.TestCallCreateEvidence(TestCitaChainAdapter.java:43)
createEvidence successfully txHash: 0x8dc818a536f45d3588a3ec5d8fef128d4c56d9fa443cc15e7c7799b8a457aff9
2024-10-20 21:02:46 [main] INFO  C.TestCitaChainAdapter.TestCallCreateEvidence(TestCitaChainAdapter.java:40)
createEvidence: Evidence{uuId='73959c48-89a9-45d8-931d-902f7e', businessType='tD6a2tVAbM', businessId='408tDwG2', businessTime='2014-01-10', businessData='ZRmRvNSrjh7EvIjVMSOo'}
2024-10-20 21:02:46 [main] INFO  c.p.a.i.CitaChainAdapter.createEvidence(CitaChainAdapter.java:58)
交易信息哈希:0x42849e50f40dc053f536f51cf82c2e7c748f64c4399987ef0137c7a277bfcab4
2024-10-20 21:02:46 [main] INFO  C.TestCitaChainAdapter.TestCallCreateEvidence(TestCitaChainAdapter.java:43)
createEvidence successfully txHash: 0x42849e50f40dc053f536f51cf82c2e7c748f64c4399987ef0137c7a277bfcab4
2024-10-20 21:02:46 [main] INFO  C.TestCitaChainAdapter.TestCallCreateEvidence(TestCitaChainAdapter.java:40)
createEvidence: Evidence{uuId='5a98506d-5f9e-44a8-a09c-a9dd20', businessType='BwX6q7kZpm', businessId='ndiUB2nw', businessTime='2011-12-23', businessData='SbTiJ3U4E4XxMYsvF7wg'}
2024-10-20 21:02:46 [main] INFO  c.p.a.i.CitaChainAdapter.createEvidence(CitaChainAdapter.java:58)
交易信息哈希:0x6e988c114c4c6a96ead5cefd5036485d0fab7ea5345a052a7b90bafc45237b58
2024-10-20 21:02:46 [main] INFO  C.TestCitaChainAdapter.TestCallCreateEvidence(TestCitaChainAdapter.java:43)
createEvidence successfully txHash: 0x6e988c114c4c6a96ead5cefd5036485d0fab7ea5345a052a7b90bafc45237b58
2024-10-20 21:02:46 [main] INFO  C.TestCitaChainAdapter.TestCallCreateEvidence(TestCitaChainAdapter.java:40)
createEvidence: Evidence{uuId='ae802239-7fd8-4725-a5c0-cdfec5', businessType='fu3NkJnq0G', businessId='IMnKF5cm', businessTime='2011-03-02', businessData='iijhkwGPUxk3ii64Sbnk'}
2024-10-20 21:02:46 [main] INFO  c.p.a.i.CitaChainAdapter.createEvidence(CitaChainAdapter.java:58)
交易信息哈希:0xb0bd8a12919f5cd038dea79cc9ffcd4355da940930ee46cf83a3d5e34542a3ef
2024-10-20 21:02:46 [main] INFO  C.TestCitaChainAdapter.TestCallCreateEvidence(TestCitaChainAdapter.java:43)
createEvidence successfully txHash: 0xb0bd8a12919f5cd038dea79cc9ffcd4355da940930ee46cf83a3d5e34542a3ef
2024-10-20 21:02:46 [main] INFO  C.TestCitaChainAdapter.TestCallCreateEvidence(TestCitaChainAdapter.java:40)
createEvidence: Evidence{uuId='21d631d2-e575-40ca-a801-0a30d3', businessType='10B8H0GdJw', businessId='QIuAfXka', businessTime='2000-04-26', businessData='ceWV3FUjEDXRZGa3Ad6X'}
2024-10-20 21:02:46 [main] INFO  c.p.a.i.CitaChainAdapter.createEvidence(CitaChainAdapter.java:58)
交易信息哈希:0x07003d7a93cc2fe1c3f421d1da6e84e26821d80676ecbab5f73a4ef3ab45c3da
2024-10-20 21:02:46 [main] INFO  C.TestCitaChainAdapter.TestCallCreateEvidence(TestCitaChainAdapter.java:43)
createEvidence successfully txHash: 0x07003d7a93cc2fe1c3f421d1da6e84e26821d80676ecbab5f73a4ef3ab45c3da
2024-10-20 21:02:46 [main] INFO  C.TestCitaChainAdapter.TestCallCreateEvidence(TestCitaChainAdapter.java:40)
createEvidence: Evidence{uuId='74a50183-c845-43b5-aea0-15fcb8', businessType='yDpePBB6jC', businessId='M5Writ5M', businessTime='2006-12-27', businessData='tv91JdxtWwOnLAS5A6Cn'}
2024-10-20 21:02:46 [main] INFO  c.p.a.i.CitaChainAdapter.createEvidence(CitaChainAdapter.java:58)
交易信息哈希:0x8fe7bc87b4c091bd5b9fe9925304e7a0ba6b4eef86a5d78020e4780cfd30d510
2024-10-20 21:02:46 [main] INFO  C.TestCitaChainAdapter.TestCallCreateEvidence(TestCitaChainAdapter.java:43)
createEvidence successfully txHash: 0x8fe7bc87b4c091bd5b9fe9925304e7a0ba6b4eef86a5d78020e4780cfd30d510
2024-10-20 21:30:26 [main] INFO  c.p.u.Account.<init>(Account.java:59)
accountAddress: d5d627aa6cdac7a448db3ce25f4812b6fc55c237
2024-10-20 21:30:26 [main] INFO  c.p.c.CitaChainClient.<init>(CitaChainClient.java:43)
Initialize CitaChainClient Successfully!!!
2024-10-20 21:30:26 [main] INFO  C.TestCitaChainAdapter.TestInitClient(TestCitaChainAdapter.java:28)
CitaChainClient{adminAddress='0xd5d627aa6cdac7a448db3ce25f4812b6fc55c237', adminPrivateKey='0x9c44d0ec9fe3b3da1f509148ac863f8f1d3c02a7533596956da7344b74d83e5b', service=com.citahub.cita.protocol.core.JsonRpc2_0CITAj@264f218, adminAccount=com.pojo.util.Account@3576ddc2, evidenceContractAddress='0x13f665c6d7bc02ab021dae2deebdafe7b91b9680', evidenceContractPath='src/main/java/com/solidity/contract/Evidence.sol', chainId=1, version=2, ipAddr='http:49.52.27.69:1337', defaultQuotaDeployment='10000000', txProcessor=com.citahub.cita.tx.response.PollingTransactionReceiptProcessor@35b74c5c}
2024-10-20 21:30:26 [main] INFO  C.TestCitaChainAdapter.TestCallCreateEvidence(TestCitaChainAdapter.java:40)
createEvidence: Evidence{uuId='416595fd-43d3-4191-9d17-39ee9f', businessType='IsOKiJQiqD', businessId='7QJ3ta7q', businessTime='2002-12-06T20:56:01', businessData='Ola4JT2ZJL1woJiHjC6m'}
2024-10-20 21:30:26 [main] INFO  c.p.a.i.CitaChainAdapter.createEvidence(CitaChainAdapter.java:58)
交易信息哈希:0xe2ac7107a9f6d39c36d7885c1c9fcb6b7a10e0c67677b8817d73806de499bb04
2024-10-20 21:30:26 [main] INFO  C.TestCitaChainAdapter.TestCallCreateEvidence(TestCitaChainAdapter.java:43)
createEvidence successfully txHash: 0xe2ac7107a9f6d39c36d7885c1c9fcb6b7a10e0c67677b8817d73806de499bb04
2024-10-20 21:30:26 [main] INFO  C.TestCitaChainAdapter.TestCallCreateEvidence(TestCitaChainAdapter.java:40)
createEvidence: Evidence{uuId='26b305df-4402-47d7-8580-6bb9ea', businessType='fR4s2WwliG', businessId='6DgaHJwM', businessTime='2007-10-04T11:06:05', businessData='AyGclvqkRUmZqCzfbKlo'}
2024-10-20 21:30:26 [main] INFO  c.p.a.i.CitaChainAdapter.createEvidence(CitaChainAdapter.java:58)
交易信息哈希:0xf8d7bb63d3bff54ed288f2d39228b7d81535fdfaa3c24a6814828d9bc2b6b979
2024-10-20 21:30:26 [main] INFO  C.TestCitaChainAdapter.TestCallCreateEvidence(TestCitaChainAdapter.java:43)
createEvidence successfully txHash: 0xf8d7bb63d3bff54ed288f2d39228b7d81535fdfaa3c24a6814828d9bc2b6b979
2024-10-20 21:30:26 [main] INFO  C.TestCitaChainAdapter.TestCallCreateEvidence(TestCitaChainAdapter.java:40)
createEvidence: Evidence{uuId='4e0b9710-0fa8-4c35-b8dc-2188c9', businessType='qTKBn0z4Fx', businessId='kmcTgmaM', businessTime='2022-04-27T06:10:50', businessData='8gZDgYxTlRlBx1cZQp7u'}
2024-10-20 21:30:26 [main] INFO  c.p.a.i.CitaChainAdapter.createEvidence(CitaChainAdapter.java:58)
交易信息哈希:0x715638eeabc3450ed6189d7abd268dbc4fdceb92678ac8f625052aeb930ca86e
2024-10-20 21:30:26 [main] INFO  C.TestCitaChainAdapter.TestCallCreateEvidence(TestCitaChainAdapter.java:43)
createEvidence successfully txHash: 0x715638eeabc3450ed6189d7abd268dbc4fdceb92678ac8f625052aeb930ca86e
2024-10-20 21:30:26 [main] INFO  C.TestCitaChainAdapter.TestCallCreateEvidence(TestCitaChainAdapter.java:40)
createEvidence: Evidence{uuId='e166621f-d02b-48c9-832e-4ec598', businessType='9Lu61XcHEW', businessId='RrQFocxr', businessTime='2001-08-18T00:26:01', businessData='97MkQ2aavGRx2MrzNI8A'}
2024-10-20 21:30:27 [main] INFO  c.p.a.i.CitaChainAdapter.createEvidence(CitaChainAdapter.java:58)
交易信息哈希:0xcbe7f28086ba247793054d5be9260a95e04dc819cea9a042a20e521795fef17a
2024-10-20 21:30:27 [main] INFO  C.TestCitaChainAdapter.TestCallCreateEvidence(TestCitaChainAdapter.java:43)
createEvidence successfully txHash: 0xcbe7f28086ba247793054d5be9260a95e04dc819cea9a042a20e521795fef17a
2024-10-20 21:30:27 [main] INFO  C.TestCitaChainAdapter.TestCallCreateEvidence(TestCitaChainAdapter.java:40)
createEvidence: Evidence{uuId='f6ec61e9-b212-43a5-b299-8d25d4', businessType='RPyjFl2vif', businessId='ncrL6LLy', businessTime='2002-10-02T10:59:27', businessData='exvcEGZ7XNsWSreWF2lJ'}
2024-10-20 21:30:27 [main] INFO  c.p.a.i.CitaChainAdapter.createEvidence(CitaChainAdapter.java:58)
交易信息哈希:0x5a99496201b3be5418f5df84f08bffd9066926c46f6802c1433af3abea9fa704
2024-10-20 21:30:27 [main] INFO  C.TestCitaChainAdapter.TestCallCreateEvidence(TestCitaChainAdapter.java:43)
createEvidence successfully txHash: 0x5a99496201b3be5418f5df84f08bffd9066926c46f6802c1433af3abea9fa704
2024-10-20 21:30:27 [main] INFO  C.TestCitaChainAdapter.TestCallCreateEvidence(TestCitaChainAdapter.java:40)
createEvidence: Evidence{uuId='9a8db65c-1259-4620-841f-18b954', businessType='dlGsy0hbdi', businessId='TaSmnpLw', businessTime='2008-11-07T11:37:56', businessData='4pDpFA6PrraDxUz1k5qv'}
2024-10-20 21:30:27 [main] INFO  c.p.a.i.CitaChainAdapter.createEvidence(CitaChainAdapter.java:58)
交易信息哈希:0x0f1e9e18ae12baa90396eadf7ae3a92dbe03a5178e5bbc563e0cf67757b61a7a
2024-10-20 21:30:27 [main] INFO  C.TestCitaChainAdapter.TestCallCreateEvidence(TestCitaChainAdapter.java:43)
createEvidence successfully txHash: 0x0f1e9e18ae12baa90396eadf7ae3a92dbe03a5178e5bbc563e0cf67757b61a7a
2024-10-20 21:30:27 [main] INFO  C.TestCitaChainAdapter.TestCallCreateEvidence(TestCitaChainAdapter.java:40)
createEvidence: Evidence{uuId='a0da13c2-fe4d-4657-a596-b597ee', businessType='G6umy5iPfE', businessId='gB659jLb', businessTime='2014-09-23T10:33:00', businessData='b5X6vP1ZkKCkkUcUrxZU'}
2024-10-20 21:30:27 [main] INFO  c.p.a.i.CitaChainAdapter.createEvidence(CitaChainAdapter.java:58)
交易信息哈希:0x74513d65bcb21a8d24399a097b16bbfda547865ddf8acc1f64470fa3a2d88228
2024-10-20 21:30:27 [main] INFO  C.TestCitaChainAdapter.TestCallCreateEvidence(TestCitaChainAdapter.java:43)
createEvidence successfully txHash: 0x74513d65bcb21a8d24399a097b16bbfda547865ddf8acc1f64470fa3a2d88228
2024-10-20 21:30:27 [main] INFO  C.TestCitaChainAdapter.TestCallCreateEvidence(TestCitaChainAdapter.java:40)
createEvidence: Evidence{uuId='863378e7-f16a-48b5-a475-2dddc6', businessType='ZsIyW4IqRv', businessId='TsdNvcIL', businessTime='2008-11-24T11:08:55', businessData='EvlRVFS4vdWDispYpTiS'}
2024-10-20 21:30:27 [main] INFO  c.p.a.i.CitaChainAdapter.createEvidence(CitaChainAdapter.java:58)
交易信息哈希:0x07b1260030b785a2b5b53bc635d4c36dcedca6d82a939fffcc3bd796b230cd43
2024-10-20 21:30:27 [main] INFO  C.TestCitaChainAdapter.TestCallCreateEvidence(TestCitaChainAdapter.java:43)
createEvidence successfully txHash: 0x07b1260030b785a2b5b53bc635d4c36dcedca6d82a939fffcc3bd796b230cd43
2024-10-20 21:30:27 [main] INFO  C.TestCitaChainAdapter.TestCallCreateEvidence(TestCitaChainAdapter.java:40)
createEvidence: Evidence{uuId='7a0c54d6-33b9-40d5-9e91-ddaae5', businessType='2ZeHUlneAH', businessId='7DrbCQgf', businessTime='2022-02-15T22:49:41', businessData='6LSptXRW2PUvm5wuFl4t'}
2024-10-20 21:30:27 [main] INFO  c.p.a.i.CitaChainAdapter.createEvidence(CitaChainAdapter.java:58)
交易信息哈希:0xb2e9610361b66393d57e509f28ea4b5daddfb12f4bf333a7f69b9236ac5e5c61
2024-10-20 21:30:27 [main] INFO  C.TestCitaChainAdapter.TestCallCreateEvidence(TestCitaChainAdapter.java:43)
createEvidence successfully txHash: 0xb2e9610361b66393d57e509f28ea4b5daddfb12f4bf333a7f69b9236ac5e5c61
2024-10-20 21:30:27 [main] INFO  C.TestCitaChainAdapter.TestCallCreateEvidence(TestCitaChainAdapter.java:40)
createEvidence: Evidence{uuId='90223d65-a613-42a2-ad48-db3d27', businessType='6xu2IXqXa3', businessId='b1MFnzm3', businessTime='2000-01-06T18:52:05', businessData='I1LOyezg4t919g8VytOs'}
2024-10-20 21:30:27 [main] INFO  c.p.a.i.CitaChainAdapter.createEvidence(CitaChainAdapter.java:58)
交易信息哈希:0x62fd5534f8679a863dda745a1b0c252d8a342fc7c9a951f1c83480740755f229
2024-10-20 21:30:27 [main] INFO  C.TestCitaChainAdapter.TestCallCreateEvidence(TestCitaChainAdapter.java:43)
createEvidence successfully txHash: 0x62fd5534f8679a863dda745a1b0c252d8a342fc7c9a951f1c83480740755f229
2024-10-20 21:31:14 [main] INFO  c.p.u.Account.<init>(Account.java:59)
accountAddress: d5d627aa6cdac7a448db3ce25f4812b6fc55c237
2024-10-20 21:31:14 [main] INFO  c.p.c.CitaChainClient.<init>(CitaChainClient.java:43)
Initialize CitaChainClient Successfully!!!
2024-10-20 21:31:14 [main] INFO  C.TestCitaChainAdapter.TestInitClient(TestCitaChainAdapter.java:28)
CitaChainClient{adminAddress='0xd5d627aa6cdac7a448db3ce25f4812b6fc55c237', adminPrivateKey='0x9c44d0ec9fe3b3da1f509148ac863f8f1d3c02a7533596956da7344b74d83e5b', service=com.citahub.cita.protocol.core.JsonRpc2_0CITAj@264f218, adminAccount=com.pojo.util.Account@3576ddc2, evidenceContractAddress='0x13f665c6d7bc02ab021dae2deebdafe7b91b9680', evidenceContractPath='src/main/java/com/solidity/contract/Evidence.sol', chainId=1, version=2, ipAddr='http:49.52.27.69:1337', defaultQuotaDeployment='10000000', txProcessor=com.citahub.cita.tx.response.PollingTransactionReceiptProcessor@35b74c5c}
2024-10-20 21:31:14 [main] INFO  C.TestCitaChainAdapter.TestCallCreateEvidence(TestCitaChainAdapter.java:40)
createEvidence: Evidence{uuId='dba0f2ef-b8a2-4aec-b5d0-bc7646', businessType='HN4oGaHV8A', businessId='qkecBsST', businessTime='2013-09-09 23:14:02', businessData='7LrJl1UHOWsTSNY0Wr9R'}
2024-10-20 21:31:15 [main] INFO  c.p.a.i.CitaChainAdapter.createEvidence(CitaChainAdapter.java:58)
交易信息哈希:0x07556e76b4df1a6afdd5d011fbea8c575aa20791fcfa3abd0fec8779040084f0
2024-10-20 21:31:15 [main] INFO  C.TestCitaChainAdapter.TestCallCreateEvidence(TestCitaChainAdapter.java:43)
createEvidence successfully txHash: 0x07556e76b4df1a6afdd5d011fbea8c575aa20791fcfa3abd0fec8779040084f0
2024-10-20 21:31:15 [main] INFO  C.TestCitaChainAdapter.TestCallCreateEvidence(TestCitaChainAdapter.java:40)
createEvidence: Evidence{uuId='7be5dd92-180c-4ab7-b701-a19e92', businessType='YWdPsErjaG', businessId='OFvYqdrP', businessTime='2021-08-14 18:21:52', businessData='asKgHaapeQ29g5Sfq7yh'}
2024-10-20 21:31:15 [main] INFO  c.p.a.i.CitaChainAdapter.createEvidence(CitaChainAdapter.java:58)
交易信息哈希:0x547b43b9e2d6cbb802c79a1cf7ba7495fac0f5f93d3076238eb81e31d73f43e3
2024-10-20 21:31:15 [main] INFO  C.TestCitaChainAdapter.TestCallCreateEvidence(TestCitaChainAdapter.java:43)
createEvidence successfully txHash: 0x547b43b9e2d6cbb802c79a1cf7ba7495fac0f5f93d3076238eb81e31d73f43e3
2024-10-20 21:31:15 [main] INFO  C.TestCitaChainAdapter.TestCallCreateEvidence(TestCitaChainAdapter.java:40)
createEvidence: Evidence{uuId='963bb22f-5638-4b2b-9c2e-b8b5c8', businessType='C4LQQockEW', businessId='l9PnAo7p', businessTime='2000-04-05 16:24:43', businessData='Q1znKTAKB6R7y0BHv8wj'}
2024-10-20 21:31:15 [main] INFO  c.p.a.i.CitaChainAdapter.createEvidence(CitaChainAdapter.java:58)
交易信息哈希:0xb6fb458baa5851bae0f8bcef123f1721df27ac2f99f82978809b00cefc0296d6
2024-10-20 21:31:15 [main] INFO  C.TestCitaChainAdapter.TestCallCreateEvidence(TestCitaChainAdapter.java:43)
createEvidence successfully txHash: 0xb6fb458baa5851bae0f8bcef123f1721df27ac2f99f82978809b00cefc0296d6
2024-10-20 21:31:15 [main] INFO  C.TestCitaChainAdapter.TestCallCreateEvidence(TestCitaChainAdapter.java:40)
createEvidence: Evidence{uuId='33933095-8dbf-4379-aee2-c16108', businessType='D2pXrmgJab', businessId='o7kGbLAZ', businessTime='2001-10-20 22:57:23', businessData='Srzdm9WpVjsqs0s2Rypw'}
2024-10-20 21:31:15 [main] INFO  c.p.a.i.CitaChainAdapter.createEvidence(CitaChainAdapter.java:58)
交易信息哈希:0x69646e06909bdaa55a6969d55e342add394e4982c981c638b7c0d8678818ab7c
2024-10-20 21:31:15 [main] INFO  C.TestCitaChainAdapter.TestCallCreateEvidence(TestCitaChainAdapter.java:43)
createEvidence successfully txHash: 0x69646e06909bdaa55a6969d55e342add394e4982c981c638b7c0d8678818ab7c
2024-10-20 21:31:15 [main] INFO  C.TestCitaChainAdapter.TestCallCreateEvidence(TestCitaChainAdapter.java:40)
createEvidence: Evidence{uuId='82a9f95f-515a-4262-bcfa-e52ffe', businessType='rBz2VZaJG2', businessId='pAoIZOcD', businessTime='2005-07-08 04:34:21', businessData='hoJfToFQQVMVtRAfslzM'}
2024-10-20 21:31:15 [main] INFO  c.p.a.i.CitaChainAdapter.createEvidence(CitaChainAdapter.java:58)
交易信息哈希:0x8c12caf2a9fff05c6ee1ba2dbdd613eed5ca4ee96115f06cd431488def0184a5
2024-10-20 21:31:15 [main] INFO  C.TestCitaChainAdapter.TestCallCreateEvidence(TestCitaChainAdapter.java:43)
createEvidence successfully txHash: 0x8c12caf2a9fff05c6ee1ba2dbdd613eed5ca4ee96115f06cd431488def0184a5
2024-10-20 21:31:15 [main] INFO  C.TestCitaChainAdapter.TestCallCreateEvidence(TestCitaChainAdapter.java:40)
createEvidence: Evidence{uuId='b4e685fe-52d2-4208-8042-f8d267', businessType='lhcU2UY5pa', businessId='JaiGYfVJ', businessTime='2022-02-13 13:43:20', businessData='42NKwz6bDma2X0zxg4dG'}
2024-10-20 21:31:15 [main] INFO  c.p.a.i.CitaChainAdapter.createEvidence(CitaChainAdapter.java:58)
交易信息哈希:0x6820327673ef27ccc35dd99b32e23a55438c0f9c026b5d3cbb0850c33ea68c42
2024-10-20 21:31:15 [main] INFO  C.TestCitaChainAdapter.TestCallCreateEvidence(TestCitaChainAdapter.java:43)
createEvidence successfully txHash: 0x6820327673ef27ccc35dd99b32e23a55438c0f9c026b5d3cbb0850c33ea68c42
2024-10-20 21:31:15 [main] INFO  C.TestCitaChainAdapter.TestCallCreateEvidence(TestCitaChainAdapter.java:40)
createEvidence: Evidence{uuId='399c8f33-6890-4749-830a-c23544', businessType='9niajDrFQ8', businessId='B71td1tv', businessTime='2008-11-27 21:32:20', businessData='C7XnpEKxu1f0AgUbrFwn'}
2024-10-20 21:31:15 [main] INFO  c.p.a.i.CitaChainAdapter.createEvidence(CitaChainAdapter.java:58)
交易信息哈希:0xe9f8d2cb95bb6ac4bd1cac2f7d024575e0cf32eca03d92f25e58709d12175b7a
2024-10-20 21:31:15 [main] INFO  C.TestCitaChainAdapter.TestCallCreateEvidence(TestCitaChainAdapter.java:43)
createEvidence successfully txHash: 0xe9f8d2cb95bb6ac4bd1cac2f7d024575e0cf32eca03d92f25e58709d12175b7a
2024-10-20 21:31:15 [main] INFO  C.TestCitaChainAdapter.TestCallCreateEvidence(TestCitaChainAdapter.java:40)
createEvidence: Evidence{uuId='a2b20e11-a090-49e8-b704-492e5a', businessType='pGOtKAw6et', businessId='hc4aVu2u', businessTime='2002-10-25 16:31:17', businessData='EwBR2Qv76VhvgdQmOats'}
2024-10-20 21:31:16 [main] INFO  c.p.a.i.CitaChainAdapter.createEvidence(CitaChainAdapter.java:58)
交易信息哈希:0x96d62589dbcc602c131010c1f63ff9b1687cb3aa4b1ffb6a44d34fc4b8245750
2024-10-20 21:31:16 [main] INFO  C.TestCitaChainAdapter.TestCallCreateEvidence(TestCitaChainAdapter.java:43)
createEvidence successfully txHash: 0x96d62589dbcc602c131010c1f63ff9b1687cb3aa4b1ffb6a44d34fc4b8245750
2024-10-20 21:31:16 [main] INFO  C.TestCitaChainAdapter.TestCallCreateEvidence(TestCitaChainAdapter.java:40)
createEvidence: Evidence{uuId='777ac6b5-7fe8-420b-8cf7-84c909', businessType='iC1jBSpQeS', businessId='x7YUsPc6', businessTime='2021-06-12 21:55:45', businessData='YbnjQixz5WXdchys3rzi'}
2024-10-20 21:31:16 [main] INFO  c.p.a.i.CitaChainAdapter.createEvidence(CitaChainAdapter.java:58)
交易信息哈希:0x866012b91fd8999197bec0ff90da79420baa315949328729bd47948a7a47cda7
2024-10-20 21:31:16 [main] INFO  C.TestCitaChainAdapter.TestCallCreateEvidence(TestCitaChainAdapter.java:43)
createEvidence successfully txHash: 0x866012b91fd8999197bec0ff90da79420baa315949328729bd47948a7a47cda7
2024-10-20 21:31:16 [main] INFO  C.TestCitaChainAdapter.TestCallCreateEvidence(TestCitaChainAdapter.java:40)
createEvidence: Evidence{uuId='597953c5-96b7-42d5-a52a-a9f581', businessType='jsM1OmGjAu', businessId='6gp3az7r', businessTime='2017-06-05 04:46:53', businessData='KDd7ZUXQ7cRpB7SpWhZf'}
2024-10-20 21:31:16 [main] INFO  c.p.a.i.CitaChainAdapter.createEvidence(CitaChainAdapter.java:58)
交易信息哈希:0xfdce37856e28cf857b0fbe45393e7dc015b8f3465b6ca9ceeb8089e8aa20545b
2024-10-20 21:31:16 [main] INFO  C.TestCitaChainAdapter.TestCallCreateEvidence(TestCitaChainAdapter.java:43)
createEvidence successfully txHash: 0xfdce37856e28cf857b0fbe45393e7dc015b8f3465b6ca9ceeb8089e8aa20545b
2024-10-20 21:32:38 [main] INFO  c.p.u.Account.<init>(Account.java:59)
accountAddress: d5d627aa6cdac7a448db3ce25f4812b6fc55c237
2024-10-20 21:32:39 [main] INFO  c.p.c.CitaChainClient.<init>(CitaChainClient.java:43)
Initialize CitaChainClient Successfully!!!
2024-10-20 21:32:39 [main] INFO  C.TestCitaChainAdapter.TestInitClient(TestCitaChainAdapter.java:28)
CitaChainClient{adminAddress='0xd5d627aa6cdac7a448db3ce25f4812b6fc55c237', adminPrivateKey='0x9c44d0ec9fe3b3da1f509148ac863f8f1d3c02a7533596956da7344b74d83e5b', service=com.citahub.cita.protocol.core.JsonRpc2_0CITAj@264f218, adminAccount=com.pojo.util.Account@3576ddc2, evidenceContractAddress='0x13f665c6d7bc02ab021dae2deebdafe7b91b9680', evidenceContractPath='src/main/java/com/solidity/contract/Evidence.sol', chainId=1, version=2, ipAddr='http:49.52.27.69:1337', defaultQuotaDeployment='10000000', txProcessor=com.citahub.cita.tx.response.PollingTransactionReceiptProcessor@35b74c5c}
2024-10-20 21:32:39 [main] INFO  C.TestCitaChainAdapter.TestCallCreateEvidence(TestCitaChainAdapter.java:40)
createEvidence: Evidence{uuId='70f50799-74c9-4151-9785-927620', businessType='Y4uwcEGDlX', businessId='b0W78vhg', businessTime='2000-06-30 00:46:17', businessData='ZA9TPbeQZwi0GWpB8RYD'}
2024-10-20 21:32:39 [main] INFO  c.p.a.i.CitaChainAdapter.createEvidence(CitaChainAdapter.java:58)
交易信息哈希:0xced9d0be2851360d422e6c09bb300eef89cdfa43fe929a9dc4f35fa5d0703002
2024-10-20 21:32:39 [main] INFO  C.TestCitaChainAdapter.TestCallCreateEvidence(TestCitaChainAdapter.java:43)
createEvidence successfully txHash: 0xced9d0be2851360d422e6c09bb300eef89cdfa43fe929a9dc4f35fa5d0703002
2024-10-20 21:32:39 [main] INFO  C.TestCitaChainAdapter.TestCallCreateEvidence(TestCitaChainAdapter.java:40)
createEvidence: Evidence{uuId='370b73a8-ada3-4f13-840e-c48c40', businessType='kK0jhyXHGx', businessId='10xZW1B2', businessTime='2008-01-30 08:24:29', businessData='cM2fgNb2wg0XMXmIXeeT'}
2024-10-20 21:32:39 [main] INFO  c.p.a.i.CitaChainAdapter.createEvidence(CitaChainAdapter.java:58)
交易信息哈希:0x37966310a9d2d5081015d4c28844845196569af3d8cbdcf3d1955a5e73884bb6
2024-10-20 21:32:39 [main] INFO  C.TestCitaChainAdapter.TestCallCreateEvidence(TestCitaChainAdapter.java:43)
createEvidence successfully txHash: 0x37966310a9d2d5081015d4c28844845196569af3d8cbdcf3d1955a5e73884bb6
2024-10-20 21:32:39 [main] INFO  C.TestCitaChainAdapter.TestCallCreateEvidence(TestCitaChainAdapter.java:40)
createEvidence: Evidence{uuId='bd86a541-ee55-4115-9c71-192b57', businessType='QskJvawQ4e', businessId='FXJCWl6g', businessTime='2012-01-03 23:18:20', businessData='8ir9MxhC5Zr1MF08YXQH'}
2024-10-20 21:32:39 [main] INFO  c.p.a.i.CitaChainAdapter.createEvidence(CitaChainAdapter.java:58)
交易信息哈希:0x3535e57f30585d22fd9b053318119df8f5728da9780966b722d716c4665e96b1
2024-10-20 21:32:39 [main] INFO  C.TestCitaChainAdapter.TestCallCreateEvidence(TestCitaChainAdapter.java:43)
createEvidence successfully txHash: 0x3535e57f30585d22fd9b053318119df8f5728da9780966b722d716c4665e96b1
2024-10-20 21:32:39 [main] INFO  C.TestCitaChainAdapter.TestCallCreateEvidence(TestCitaChainAdapter.java:40)
createEvidence: Evidence{uuId='07a4851b-88ac-45ff-889f-e37fd9', businessType='aIG4ryvjEx', businessId='quOGZIM6', businessTime='2022-12-09 23:45:34', businessData='r0IDAfHCQvZXPeSCTsbO'}
2024-10-20 21:32:40 [main] INFO  c.p.a.i.CitaChainAdapter.createEvidence(CitaChainAdapter.java:58)
交易信息哈希:0x8d47a20f4b89821e9fa1873e2a8126eae5ca1efe81732319c6de28addd9c02c2
2024-10-20 21:32:40 [main] INFO  C.TestCitaChainAdapter.TestCallCreateEvidence(TestCitaChainAdapter.java:43)
createEvidence successfully txHash: 0x8d47a20f4b89821e9fa1873e2a8126eae5ca1efe81732319c6de28addd9c02c2
2024-10-20 21:32:40 [main] INFO  C.TestCitaChainAdapter.TestCallCreateEvidence(TestCitaChainAdapter.java:40)
createEvidence: Evidence{uuId='74e66352-97b4-4075-afd4-6fc8eb', businessType='noFgVpk4Tx', businessId='yQ365opP', businessTime='2020-09-17 10:57:27', businessData='hgu98PZ3o79k05uwMUR2'}
2024-10-20 21:32:40 [main] INFO  c.p.a.i.CitaChainAdapter.createEvidence(CitaChainAdapter.java:58)
交易信息哈希:0x67f6449c82e7dca3cc9bf03e5e05df21a2f85e9f8a01f6598bbba240ab55024c
2024-10-20 21:32:40 [main] INFO  C.TestCitaChainAdapter.TestCallCreateEvidence(TestCitaChainAdapter.java:43)
createEvidence successfully txHash: 0x67f6449c82e7dca3cc9bf03e5e05df21a2f85e9f8a01f6598bbba240ab55024c
2024-10-20 21:32:40 [main] INFO  C.TestCitaChainAdapter.TestCallCreateEvidence(TestCitaChainAdapter.java:40)
createEvidence: Evidence{uuId='9661c7ae-f11e-41a7-b3e2-f9ba23', businessType='WKkq2UgmHv', businessId='tff7WQoV', businessTime='2005-09-10 16:34:28', businessData='V6G3GCuTCgyOfoUk2667'}
2024-10-20 21:32:40 [main] INFO  c.p.a.i.CitaChainAdapter.createEvidence(CitaChainAdapter.java:58)
交易信息哈希:0x3ce8f303859035320d6983de7ac2bb538789f1d69ca0bd0cdf88651090490370
2024-10-20 21:32:40 [main] INFO  C.TestCitaChainAdapter.TestCallCreateEvidence(TestCitaChainAdapter.java:43)
createEvidence successfully txHash: 0x3ce8f303859035320d6983de7ac2bb538789f1d69ca0bd0cdf88651090490370
2024-10-20 21:32:40 [main] INFO  C.TestCitaChainAdapter.TestCallCreateEvidence(TestCitaChainAdapter.java:40)
createEvidence: Evidence{uuId='ecabf49e-bd77-459c-81ca-69388b', businessType='RBPl2VbcbW', businessId='RgiA0cp7', businessTime='2013-01-28 13:23:02', businessData='fV3Bb3Ey6xzKA15dJraD'}
2024-10-20 21:32:40 [main] INFO  c.p.a.i.CitaChainAdapter.createEvidence(CitaChainAdapter.java:58)
交易信息哈希:0x2cf677ee27eb1479f81f9320fb186959bf30e41b27d708381143ab89035c7c11
2024-10-20 21:32:40 [main] INFO  C.TestCitaChainAdapter.TestCallCreateEvidence(TestCitaChainAdapter.java:43)
createEvidence successfully txHash: 0x2cf677ee27eb1479f81f9320fb186959bf30e41b27d708381143ab89035c7c11
2024-10-20 21:32:40 [main] INFO  C.TestCitaChainAdapter.TestCallCreateEvidence(TestCitaChainAdapter.java:40)
createEvidence: Evidence{uuId='77c338ff-012e-4089-8b5b-bd7edf', businessType='9Od9rg3hXv', businessId='ntenD6Hm', businessTime='2001-09-09 09:38:47', businessData='qfK4Pi3ayCkwgfuCoKIJ'}
2024-10-20 21:32:40 [main] INFO  c.p.a.i.CitaChainAdapter.createEvidence(CitaChainAdapter.java:58)
交易信息哈希:0x4b8dd3489a82b6861d283973342937373e078d525cd0ca31702ae345efcc5465
2024-10-20 21:32:40 [main] INFO  C.TestCitaChainAdapter.TestCallCreateEvidence(TestCitaChainAdapter.java:43)
createEvidence successfully txHash: 0x4b8dd3489a82b6861d283973342937373e078d525cd0ca31702ae345efcc5465
2024-10-20 21:32:40 [main] INFO  C.TestCitaChainAdapter.TestCallCreateEvidence(TestCitaChainAdapter.java:40)
createEvidence: Evidence{uuId='f874e2eb-37d8-4bf2-ab46-cb900f', businessType='ivxZKO9Ehd', businessId='cLpbeGyL', businessTime='2015-05-15 12:20:35', businessData='E3qNOYDqvOqkyIM1pKwC'}
2024-10-20 21:32:40 [main] INFO  c.p.a.i.CitaChainAdapter.createEvidence(CitaChainAdapter.java:58)
交易信息哈希:0xc9721eaadf844e27b06718713d105ae0745ac6fe90ac920030a01a6968a0367b
2024-10-20 21:32:40 [main] INFO  C.TestCitaChainAdapter.TestCallCreateEvidence(TestCitaChainAdapter.java:43)
createEvidence successfully txHash: 0xc9721eaadf844e27b06718713d105ae0745ac6fe90ac920030a01a6968a0367b
2024-10-20 21:32:40 [main] INFO  C.TestCitaChainAdapter.TestCallCreateEvidence(TestCitaChainAdapter.java:40)
createEvidence: Evidence{uuId='e0cc789a-95a7-42c9-965d-004407', businessType='vxojma41zq', businessId='MKMmaV5G', businessTime='2015-02-20 16:37:02', businessData='O4BQj1XrVlV4LQgpV2Qn'}
2024-10-20 21:32:40 [main] INFO  c.p.a.i.CitaChainAdapter.createEvidence(CitaChainAdapter.java:58)
交易信息哈希:0xd947ed15b3df1c80831342039869dfc1586168e9448476e8ed04ecf4d7fd07ee
2024-10-20 21:32:40 [main] INFO  C.TestCitaChainAdapter.TestCallCreateEvidence(TestCitaChainAdapter.java:43)
createEvidence successfully txHash: 0xd947ed15b3df1c80831342039869dfc1586168e9448476e8ed04ecf4d7fd07ee
2024-10-20 21:35:34 [main] INFO  c.p.u.Account.<init>(Account.java:59)
accountAddress: d5d627aa6cdac7a448db3ce25f4812b6fc55c237
2024-10-20 21:35:34 [main] INFO  c.p.c.CitaChainClient.<init>(CitaChainClient.java:43)
Initialize CitaChainClient Successfully!!!
2024-10-20 21:35:34 [main] INFO  C.TestCitaChainAdapter.TestInitClient(TestCitaChainAdapter.java:28)
CitaChainClient{adminAddress='0xd5d627aa6cdac7a448db3ce25f4812b6fc55c237', adminPrivateKey='0x9c44d0ec9fe3b3da1f509148ac863f8f1d3c02a7533596956da7344b74d83e5b', service=com.citahub.cita.protocol.core.JsonRpc2_0CITAj@264f218, adminAccount=com.pojo.util.Account@3576ddc2, evidenceContractAddress='0x13f665c6d7bc02ab021dae2deebdafe7b91b9680', evidenceContractPath='src/main/java/com/solidity/contract/Evidence.sol', chainId=1, version=2, ipAddr='http:49.52.27.69:1337', defaultQuotaDeployment='10000000', txProcessor=com.citahub.cita.tx.response.PollingTransactionReceiptProcessor@35b74c5c}
2024-10-20 21:35:34 [main] INFO  c.p.a.i.CitaChainAdapter.getEvidence(CitaChainAdapter.java:34)
class java.util.ArrayList
2024-10-20 21:36:12 [main] INFO  c.p.u.Account.<init>(Account.java:59)
accountAddress: d5d627aa6cdac7a448db3ce25f4812b6fc55c237
2024-10-20 21:36:13 [main] INFO  c.p.c.CitaChainClient.<init>(CitaChainClient.java:43)
Initialize CitaChainClient Successfully!!!
2024-10-20 21:36:13 [main] INFO  C.TestCitaChainAdapter.TestInitClient(TestCitaChainAdapter.java:28)
CitaChainClient{adminAddress='0xd5d627aa6cdac7a448db3ce25f4812b6fc55c237', adminPrivateKey='0x9c44d0ec9fe3b3da1f509148ac863f8f1d3c02a7533596956da7344b74d83e5b', service=com.citahub.cita.protocol.core.JsonRpc2_0CITAj@264f218, adminAccount=com.pojo.util.Account@3576ddc2, evidenceContractAddress='0x13f665c6d7bc02ab021dae2deebdafe7b91b9680', evidenceContractPath='src/main/java/com/solidity/contract/Evidence.sol', chainId=1, version=2, ipAddr='http:49.52.27.69:1337', defaultQuotaDeployment='10000000', txProcessor=com.citahub.cita.tx.response.PollingTransactionReceiptProcessor@35b74c5c}
2024-10-20 21:36:13 [main] INFO  c.p.a.i.CitaChainAdapter.getEvidence(CitaChainAdapter.java:34)
class java.util.ArrayList
2024-10-20 21:56:02 [main] INFO  c.p.u.Account.<init>(Account.java:59)
accountAddress: d5d627aa6cdac7a448db3ce25f4812b6fc55c237
2024-10-20 21:56:02 [main] INFO  c.p.c.CitaChainClient.<init>(CitaChainClient.java:43)
Initialize CitaChainClient Successfully!!!
2024-10-20 21:56:02 [main] INFO  C.TestCitaChainAdapter.TestInitClient(TestCitaChainAdapter.java:28)
CitaChainClient{adminAddress='0xd5d627aa6cdac7a448db3ce25f4812b6fc55c237', adminPrivateKey='0x9c44d0ec9fe3b3da1f509148ac863f8f1d3c02a7533596956da7344b74d83e5b', service=com.citahub.cita.protocol.core.JsonRpc2_0CITAj@264f218, adminAccount=com.pojo.util.Account@3576ddc2, evidenceContractAddress='0x13f665c6d7bc02ab021dae2deebdafe7b91b9680', evidenceContractPath='src/main/java/com/solidity/contract/Evidence.sol', chainId=1, version=2, ipAddr='http:49.52.27.69:1337', defaultQuotaDeployment='10000000', txProcessor=com.citahub.cita.tx.response.PollingTransactionReceiptProcessor@35b74c5c}
2024-10-20 21:56:02 [main] INFO  c.p.a.i.CitaChainAdapter.getEvidence(CitaChainAdapter.java:34)
class java.util.ArrayList
